

times in msec
 clock   self+sourced   self:  sourced script
 clock   elapsed:              other lines

000.004  000.004: --- NVIM STARTING ---
000.149  000.146: event init
000.192  000.043: early init
000.285  000.093: locale set
000.305  000.020: init first window
000.451  000.146: inits 1
000.457  000.006: window checked
000.458  000.001: parsing arguments
000.725  000.020  000.020: require('vim.shared')
000.771  000.023  000.023: require('vim.inspect')
000.804  000.025  000.025: require('vim._options')
000.805  000.078  000.030: require('vim._editor')
000.806  000.145  000.047: require('vim._init_packages')
000.807  000.203: init lua interpreter
000.843  000.036: expanding arguments
000.851  000.009: inits 2
001.015  000.163: init highlight
001.016  000.001: waiting for UI
001.099  000.083: done waiting for UI
001.105  000.007: clear screen
001.127  000.004  000.004: require('vim.keymap')
001.323  000.216  000.212: require('vim._defaults')
001.325  000.003: init default mappings & autocommands
001.590  000.033  000.033: sourcing /home/sebasf/.local/share/bob/nightly/nvim-linux64/share/nvim/runtime/ftplugin.vim
001.626  000.016  000.016: sourcing /home/sebasf/.local/share/bob/nightly/nvim-linux64/share/nvim/runtime/indent.vim
001.886  000.189  000.189: require('core.options')
002.639  000.003  000.003: require('vim.F')
002.677  000.715  000.711: require('vim.diagnostic')
002.989  001.101  000.386: require('core.keymaps')
003.351  000.273  000.273: require('lazy')
003.397  000.034  000.034: require('ffi')
003.503  000.062  000.062: require('vim.uri')
003.512  000.114  000.051: require('vim.loader')
003.545  000.011  000.011: require('vim.fs')
003.643  000.117  000.107: require('lazy.stats')
003.737  000.074  000.074: require('lazy.core.util')
003.819  000.080  000.080: require('lazy.core.config')
004.004  000.074  000.074: require('lazy.core.handler')
004.191  000.185  000.185: require('lazy.core.plugin')
004.203  000.383  000.124: require('lazy.core.loader')
004.582  000.057  000.057: require('plugins')
004.650  000.054  000.054: require('plugins.autoformat')
004.721  000.053  000.053: require('plugins.catppuccin')
004.771  000.044  000.044: require('plugins.cloak')
004.929  000.064  000.064: require('plugins.crates')
004.966  000.032  000.032: require('plugins.debug')
005.055  000.059  000.059: require('plugins.dressing')
005.185  000.103  000.103: require('plugins.gitsigns')
005.272  000.081  000.081: require('plugins.indent-blankline')
005.331  000.052  000.052: require('plugins.lsp-config')
005.377  000.024  000.024: require('plugins.lualine')
005.403  000.020  000.020: require('plugins.none-ls')
005.444  000.038  000.038: require('plugins.nvim-cmp')
005.485  000.023  000.023: require('plugins.nvim-ts-autotag')
005.524  000.032  000.032: require('plugins.telescope')
005.564  000.028  000.028: require('plugins.treesitter')
005.603  000.032  000.032: require('plugins.trouble')
005.881  000.086  000.086: require('plugins.which-key')
006.034  000.042  000.042: require('lazy.core.handler.event')
006.077  000.039  000.039: require('lazy.core.handler.cmd')
006.124  000.045  000.045: require('lazy.core.handler.keys')
006.157  000.031  000.031: require('lazy.core.handler.ft')
006.649  000.143  000.143: sourcing /home/sebasf/.local/share/bob/nightly/nvim-linux64/share/nvim/runtime/filetype.lua
006.982  000.242  000.242: require('catppuccin')
007.070  000.062  000.062: require('catppuccin.lib.hashing')
008.353  000.920  000.920: sourcing /home/sebasf/.local/share/nvim/lazy/catppuccin/colors/catppuccin-mocha.vim
008.649  000.242  000.242: sourcing /home/sebasf/.local/share/nvim/lazy/vim-sleuth/plugin/sleuth.vim
008.830  000.055  000.055: sourcing /home/sebasf/.local/share/nvim/lazy/vim-rhubarb/plugin/rhubarb.vim
009.610  000.670  000.670: sourcing /home/sebasf/.local/share/nvim/lazy/vim-fugitive/plugin/fugitive.vim
009.657  000.007  000.007: sourcing /home/sebasf/.local/share/nvim/lazy/vim-fugitive/ftdetect/fugitive.vim
009.918  000.026  000.026: sourcing /home/sebasf/.local/share/nvim/lazy/plenary.nvim/plugin/plenary.vim
010.249  000.020  000.020: sourcing /home/sebasf/.local/share/nvim/lazy/nvim-web-devicons/plugin/nvim-web-devicons.vim
010.450  000.142  000.142: sourcing /home/sebasf/.local/share/nvim/lazy/telescope.nvim/plugin/telescope.lua
010.812  000.048  000.048: require('telescope._extensions')
010.815  000.349  000.301: require('telescope')
011.085  000.036  000.036: require('plenary.bit')
011.111  000.024  000.024: require('plenary.functional')
011.134  000.131  000.071: require('plenary.path')
011.143  000.189  000.058: require('plenary.strings')
011.200  000.056  000.056: require('telescope.deprecated')
011.419  000.101  000.101: require('plenary.log')
011.464  000.200  000.098: require('telescope.log')
011.584  000.059  000.059: require('plenary.job')
011.629  000.043  000.043: require('telescope.state')
011.634  000.169  000.066: require('telescope.utils')
011.639  000.437  000.069: require('telescope.sorters')
013.080  002.185  001.502: require('telescope.config')
013.252  000.084  000.084: require('plenary.window.border')
013.298  000.045  000.045: require('plenary.window')
013.353  000.054  000.054: require('plenary.popup.utils')
013.359  000.275  000.092: require('plenary.popup')
013.427  000.067  000.067: require('telescope.pickers.scroller')
013.476  000.048  000.048: require('telescope.actions.state')
013.541  000.064  000.064: require('telescope.actions.utils')
013.739  000.143  000.143: require('telescope.actions.mt')
013.791  000.249  000.106: require('telescope.actions.set')
014.149  000.241  000.241: require('telescope.config.resolve')
014.159  000.367  000.126: require('telescope.pickers.entry_display')
014.276  000.116  000.116: require('telescope.from_entry')
014.401  003.585  000.214: require('telescope.actions')
014.482  000.080  000.080: require('telescope.builtin')
015.378  000.100  000.100: require('fzf_lib')
015.382  000.149  000.049: require('telescope._extensions.fzf')
015.782  000.059  000.059: sourcing /home/sebasf/.local/share/bob/nightly/nvim-linux64/share/nvim/runtime/plugin/editorconfig.lua
015.953  000.147  000.147: sourcing /home/sebasf/.local/share/bob/nightly/nvim-linux64/share/nvim/runtime/plugin/gzip.vim
016.019  000.045  000.045: sourcing /home/sebasf/.local/share/bob/nightly/nvim-linux64/share/nvim/runtime/plugin/man.lua
016.328  000.141  000.141: sourcing /home/sebasf/.local/share/bob/nightly/nvim-linux64/share/nvim/runtime/pack/dist/opt/matchit/plugin/matchit.vim
016.342  000.300  000.159: sourcing /home/sebasf/.local/share/bob/nightly/nvim-linux64/share/nvim/runtime/plugin/matchit.vim
016.448  000.088  000.088: sourcing /home/sebasf/.local/share/bob/nightly/nvim-linux64/share/nvim/runtime/plugin/matchparen.vim
016.670  000.202  000.202: sourcing /home/sebasf/.local/share/bob/nightly/nvim-linux64/share/nvim/runtime/plugin/netrwPlugin.vim
016.747  000.038  000.038: sourcing /home/sebasf/.local/share/bob/nightly/nvim-linux64/share/nvim/runtime/plugin/nvim.lua
016.929  000.138  000.138: require('vim.iter')
016.941  000.175  000.036: sourcing /home/sebasf/.local/share/bob/nightly/nvim-linux64/share/nvim/runtime/plugin/osc52.lua
017.076  000.111  000.111: sourcing /home/sebasf/.local/share/bob/nightly/nvim-linux64/share/nvim/runtime/plugin/rplugin.vim
017.143  000.041  000.041: sourcing /home/sebasf/.local/share/bob/nightly/nvim-linux64/share/nvim/runtime/plugin/shada.vim
017.177  000.012  000.012: sourcing /home/sebasf/.local/share/bob/nightly/nvim-linux64/share/nvim/runtime/plugin/spellfile.vim
017.253  000.058  000.058: sourcing /home/sebasf/.local/share/bob/nightly/nvim-linux64/share/nvim/runtime/plugin/tarPlugin.vim
017.327  000.050  000.050: sourcing /home/sebasf/.local/share/bob/nightly/nvim-linux64/share/nvim/runtime/plugin/tohtml.vim
017.382  000.013  000.013: sourcing /home/sebasf/.local/share/bob/nightly/nvim-linux64/share/nvim/runtime/plugin/tutor.vim
017.498  000.089  000.089: sourcing /home/sebasf/.local/share/bob/nightly/nvim-linux64/share/nvim/runtime/plugin/zipPlugin.vim
017.613  014.622  004.388: require('core.lazy')
017.615  015.938  000.027: require('core')
017.622  015.969  000.031: sourcing /home/sebasf/.config/nvim/init.lua
017.645  000.302: sourcing vimrc file(s)
017.816  000.030  000.030: sourcing /home/sebasf/.local/share/bob/nightly/nvim-linux64/share/nvim/runtime/filetype.lua
017.947  000.042  000.042: sourcing /home/sebasf/.local/share/bob/nightly/nvim-linux64/share/nvim/runtime/syntax/synload.vim
017.998  000.146  000.103: sourcing /home/sebasf/.local/share/bob/nightly/nvim-linux64/share/nvim/runtime/syntax/syntax.vim
018.005  000.185: inits 3
019.879  001.874: reading ShaDa
020.016  000.137: opening buffers
020.033  000.016: BufEnter autocommands
020.034  000.001: editing files in windows
020.105  000.071: VimEnter autocommands
020.128  000.023: UIEnter autocommands
020.129  000.001: before starting main loop
020.281  000.152: first screen update
020.283  000.001: --- NVIM STARTED ---


times in msec
 clock   self+sourced   self:  sourced script
 clock   elapsed:              other lines

000.005  000.005: --- NVIM STARTING ---
000.115  000.110: event init
000.167  000.053: early init
000.276  000.109: locale set
000.297  000.021: init first window
000.467  000.170: inits 1
000.471  000.004: window checked
000.474  000.003: parsing arguments
000.773  000.022  000.022: require('vim.shared')
000.821  000.024  000.024: require('vim.inspect')
000.850  000.021  000.021: require('vim._options')
000.851  000.076  000.031: require('vim._editor')
000.852  000.137  000.039: require('vim._init_packages')
000.853  000.242: init lua interpreter
001.099  000.246: expanding arguments
001.116  000.016: inits 2
001.293  000.177: init highlight
